{"C:\\Estudo\\clean-node-api\\src\\presentation\\helpers\\http-response.js": {"path":"C:\\Estudo\\clean-node-api\\src\\presentation\\helpers\\http-response.js","all":false,"statementMap":{"0":{"start":{"line":1,"column":0},"end":{"line":1,"column":59}},"1":{"start":{"line":2,"column":0},"end":{"line":2,"column":0}},"2":{"start":{"line":3,"column":0},"end":{"line":3,"column":37}},"3":{"start":{"line":4,"column":0},"end":{"line":4,"column":34}},"4":{"start":{"line":5,"column":0},"end":{"line":5,"column":16}},"5":{"start":{"line":6,"column":0},"end":{"line":6,"column":28}},"6":{"start":{"line":7,"column":0},"end":{"line":7,"column":50}},"7":{"start":{"line":8,"column":0},"end":{"line":8,"column":9}},"8":{"start":{"line":9,"column":0},"end":{"line":9,"column":5}},"9":{"start":{"line":10,"column":0},"end":{"line":10,"column":0}},"10":{"start":{"line":11,"column":0},"end":{"line":11,"column":26}},"11":{"start":{"line":12,"column":0},"end":{"line":12,"column":16}},"12":{"start":{"line":13,"column":0},"end":{"line":13,"column":27}},"13":{"start":{"line":14,"column":0},"end":{"line":14,"column":9}},"14":{"start":{"line":15,"column":0},"end":{"line":15,"column":5}},"15":{"start":{"line":16,"column":0},"end":{"line":16,"column":1}}},"s":{"0":1,"1":1,"2":1,"3":1,"4":2,"5":2,"6":2,"7":2,"8":2,"9":1,"10":1,"11":2,"12":2,"13":2,"14":2,"15":1},"branchMap":{"0":{"type":"branch","line":4,"loc":{"start":{"line":4,"column":11},"end":{"line":9,"column":5}},"locations":[{"start":{"line":4,"column":11},"end":{"line":9,"column":5}}]},"1":{"type":"branch","line":11,"loc":{"start":{"line":11,"column":11},"end":{"line":15,"column":5}},"locations":[{"start":{"line":11,"column":11},"end":{"line":15,"column":5}}]}},"b":{"0":[2],"1":[2]},"fnMap":{"0":{"name":"badRequest","decl":{"start":{"line":4,"column":11},"end":{"line":9,"column":5}},"loc":{"start":{"line":4,"column":11},"end":{"line":9,"column":5}},"line":4},"1":{"name":"serverError","decl":{"start":{"line":11,"column":11},"end":{"line":15,"column":5}},"loc":{"start":{"line":11,"column":11},"end":{"line":15,"column":5}},"line":11}},"f":{"0":2,"1":2}}
,"C:\\Estudo\\clean-node-api\\src\\presentation\\helpers\\missing-param-error.js": {"path":"C:\\Estudo\\clean-node-api\\src\\presentation\\helpers\\missing-param-error.js","all":false,"statementMap":{"0":{"start":{"line":1,"column":0},"end":{"line":1,"column":56}},"1":{"start":{"line":2,"column":0},"end":{"line":2,"column":28}},"2":{"start":{"line":3,"column":0},"end":{"line":3,"column":45}},"3":{"start":{"line":4,"column":0},"end":{"line":4,"column":40}},"4":{"start":{"line":5,"column":0},"end":{"line":5,"column":5}},"5":{"start":{"line":6,"column":0},"end":{"line":6,"column":1}}},"s":{"0":1,"1":1,"2":4,"3":4,"4":4,"5":1},"branchMap":{"0":{"type":"branch","line":2,"loc":{"start":{"line":2,"column":4},"end":{"line":5,"column":5}},"locations":[{"start":{"line":2,"column":4},"end":{"line":5,"column":5}}]}},"b":{"0":[4]},"fnMap":{"0":{"name":"MissingParamError","decl":{"start":{"line":2,"column":4},"end":{"line":5,"column":5}},"loc":{"start":{"line":2,"column":4},"end":{"line":5,"column":5}},"line":2}},"f":{"0":4}}
,"C:\\Estudo\\clean-node-api\\src\\presentation\\routers\\login-router.js": {"path":"C:\\Estudo\\clean-node-api\\src\\presentation\\routers\\login-router.js","all":false,"statementMap":{"0":{"start":{"line":1,"column":0},"end":{"line":1,"column":57}},"1":{"start":{"line":2,"column":0},"end":{"line":2,"column":0}},"2":{"start":{"line":3,"column":0},"end":{"line":3,"column":36}},"3":{"start":{"line":4,"column":0},"end":{"line":4,"column":0}},"4":{"start":{"line":5,"column":0},"end":{"line":5,"column":30}},"5":{"start":{"line":6,"column":0},"end":{"line":6,"column":39}},"6":{"start":{"line":7,"column":0},"end":{"line":7,"column":5}},"7":{"start":{"line":8,"column":0},"end":{"line":8,"column":0}},"8":{"start":{"line":9,"column":0},"end":{"line":9,"column":24}},"9":{"start":{"line":10,"column":0},"end":{"line":10,"column":0}},"10":{"start":{"line":11,"column":0},"end":{"line":11,"column":48}},"11":{"start":{"line":12,"column":0},"end":{"line":12,"column":46}},"12":{"start":{"line":13,"column":0},"end":{"line":13,"column":9}},"13":{"start":{"line":14,"column":0},"end":{"line":14,"column":0}},"14":{"start":{"line":15,"column":0},"end":{"line":15,"column":53}},"15":{"start":{"line":16,"column":0},"end":{"line":16,"column":0}},"16":{"start":{"line":17,"column":0},"end":{"line":17,"column":21}},"17":{"start":{"line":18,"column":0},"end":{"line":18,"column":52}},"18":{"start":{"line":19,"column":0},"end":{"line":19,"column":9}},"19":{"start":{"line":20,"column":0},"end":{"line":20,"column":0}},"20":{"start":{"line":21,"column":0},"end":{"line":21,"column":24}},"21":{"start":{"line":22,"column":0},"end":{"line":22,"column":55}},"22":{"start":{"line":23,"column":0},"end":{"line":23,"column":9}},"23":{"start":{"line":24,"column":0},"end":{"line":24,"column":0}},"24":{"start":{"line":25,"column":0},"end":{"line":25,"column":47}},"25":{"start":{"line":26,"column":0},"end":{"line":26,"column":5}},"26":{"start":{"line":27,"column":0},"end":{"line":27,"column":1}}},"s":{"0":1,"1":1,"2":1,"3":1,"4":1,"5":5,"6":5,"7":1,"8":1,"9":5,"10":5,"11":2,"12":2,"13":3,"14":3,"15":3,"16":5,"17":1,"18":1,"19":2,"20":5,"21":1,"22":1,"23":1,"24":1,"25":1,"26":1},"branchMap":{"0":{"type":"branch","line":5,"loc":{"start":{"line":5,"column":4},"end":{"line":7,"column":5}},"locations":[{"start":{"line":5,"column":4},"end":{"line":7,"column":5}}]},"1":{"type":"branch","line":9,"loc":{"start":{"line":9,"column":4},"end":{"line":26,"column":5}},"locations":[{"start":{"line":9,"column":4},"end":{"line":26,"column":5}}]},"2":{"type":"branch","line":11,"loc":{"start":{"line":11,"column":24},"end":{"line":11,"column":45}},"locations":[{"start":{"line":11,"column":24},"end":{"line":11,"column":45}}]},"3":{"type":"branch","line":11,"loc":{"start":{"line":11,"column":47},"end":{"line":13,"column":9}},"locations":[{"start":{"line":11,"column":47},"end":{"line":13,"column":9}}]},"4":{"type":"branch","line":13,"loc":{"start":{"line":13,"column":8},"end":{"line":17,"column":20}},"locations":[{"start":{"line":13,"column":8},"end":{"line":17,"column":20}}]},"5":{"type":"branch","line":17,"loc":{"start":{"line":17,"column":20},"end":{"line":19,"column":9}},"locations":[{"start":{"line":17,"column":20},"end":{"line":19,"column":9}}]},"6":{"type":"branch","line":19,"loc":{"start":{"line":19,"column":8},"end":{"line":21,"column":23}},"locations":[{"start":{"line":19,"column":8},"end":{"line":21,"column":23}}]},"7":{"type":"branch","line":21,"loc":{"start":{"line":21,"column":23},"end":{"line":26,"column":5}},"locations":[{"start":{"line":21,"column":23},"end":{"line":26,"column":5}}]}},"b":{"0":[5],"1":[5],"2":[4],"3":[2],"4":[3],"5":[1],"6":[2],"7":[1]},"fnMap":{"0":{"name":"LoginRouter","decl":{"start":{"line":5,"column":4},"end":{"line":7,"column":5}},"loc":{"start":{"line":5,"column":4},"end":{"line":7,"column":5}},"line":5},"1":{"name":"route","decl":{"start":{"line":9,"column":4},"end":{"line":26,"column":5}},"loc":{"start":{"line":9,"column":4},"end":{"line":26,"column":5}},"line":9}},"f":{"0":5,"1":5}}
}
